[2023-10-02 04:25:19] Code review and cleanup - Session #1 - 6873352fb043c
[2023-10-02 04:25:19] Code review and cleanup - Session #2 - 6873352fb1fb4
[2023-10-02 04:25:19] Code review and cleanup - Session #3 - 6873352fb3950
[2023-10-03 04:25:19] Bug fixes and improvements - Session #4 - 6873352fb51b3
[2023-10-04 04:25:19] Security improvements - Session #5 - 6873352fb6c5c
[2023-10-04 04:25:19] Security improvements - Session #6 - 6873352fb86e5
[2023-10-04 04:25:19] Performance enhancements - Session #7 - 6873352fb9fd2
[2023-10-04 04:25:19] Documentation updates - Session #8 - 6873352fbb704
[2023-10-05 04:25:19] Feature development and testing - Session #9 - 6873352fc0f5a
[2023-10-05 04:25:19] Feature development and testing - Session #10 - 6873352fc37cd
[2023-10-05 04:25:19] Bug fixes and improvements - Session #11 - 6873352fc5343
[2023-10-06 04:25:19] Documentation updates - Session #12 - 6873352fc6c4a
[2023-10-06 04:25:19] Code review and cleanup - Session #13 - 6873352fc87ce
[2023-10-06 04:25:19] Feature development and testing - Session #14 - 6873352fca278
[2023-10-06 04:25:19] Security improvements - Session #15 - 6873352fcc144
[2023-10-06 04:25:19] Feature development and testing - Session #16 - 6873352fcdbab
[2023-10-09 04:25:19] UI/UX enhancements - Session #17 - 6873352fcf5a4
[2023-10-09 04:25:19] Documentation updates - Session #18 - 6873352fd1146
[2023-10-09 04:25:19] UI/UX enhancements - Session #19 - 6873352fd2bc9
[2023-10-10 04:25:19] Bug fixes and improvements - Session #20 - 6873352fd44ae
[2023-10-10 04:25:19] Bug fixes and improvements - Session #21 - 6873352fd65af
[2023-10-10 04:25:19] Code review and cleanup - Session #22 - 6873352fdbfc9
[2023-10-11 04:25:19] Documentation updates - Session #23 - 6873352fdddb5
[2023-10-11 04:25:19] UI/UX enhancements - Session #24 - 6873352fdfa1d
[2023-10-11 04:25:19] Bug fixes and improvements - Session #25 - 6873352fe16d6
[2023-10-12 04:25:19] Feature development and testing - Session #26 - 6873352fe327c
[2023-10-12 04:25:19] Bug fixes and improvements - Session #27 - 6873352fe52a7
[2023-10-12 04:25:19] Performance enhancements - Session #28 - 6873352fe6dc2
[2023-10-12 04:25:19] Feature development and testing - Session #29 - 6873352fe88a2
[2023-10-13 04:25:19] Documentation updates - Session #30 - 6873352fea36b
[2023-10-13 04:25:19] Documentation updates - Session #31 - 6873352febe7b
[2023-10-13 04:25:19] Bug fixes and improvements - Session #32 - 6873352fef918
[2023-10-13 04:25:19] Bug fixes and improvements - Session #33 - 6873352ff2e63
[2023-10-14 04:25:19] Code optimization and refactoring - Session #34 - 6873353000ff8
[2023-10-14 04:25:19] Code optimization and refactoring - Session #35 - 6873353002aa7
[2023-10-15 04:25:19] Documentation updates - Session #36 - 6873353004805
[2023-10-16 04:25:19] Documentation updates - Session #37 - 6873353006275
[2023-10-17 04:25:19] Security improvements - Session #38 - 6873353007f06
[2023-10-17 04:25:19] Security improvements - Session #39 - 68733530098a5
[2023-10-17 04:25:19] Performance enhancements - Session #40 - 687335300b1e9
[2023-10-17 04:25:19] Feature development and testing - Session #41 - 687335300cc7b
[2023-10-18 04:25:19] Security improvements - Session #42 - 687335300e67f
